make all --print-data-base --no-builtin-variables --no-builtin-rules --question
# GNU Make 4.3
# Built for x86_64-pc-linux-gnu
# Copyright (C) 1988-2020 Free Software Foundation, Inc.
# License GPLv3+: GNU GPL version 3 or later <http://gnu.org/licenses/gpl.html>
# This is free software: you are free to change and redistribute it.
# There is NO WARRANTY, to the extent permitted by law.

# Make data base, printed on Thu Jul 21 22:42:42 2022

# Variables

# environment
GDK_BACKEND = x11
# environment
LC_ALL = C
# environment
GNOME_SHELL_SESSION_MODE = pop
# environment
SSH_AGENT_LAUNCHER = gnome-keyring
# environment
PNPM_HOME = /home/nielsp/.local/share/pnpm
# environment
GJS_DEBUG_OUTPUT = stderr
# environment
VSCODE_CWD = /home/nielsp
# environment
WINDOWPATH = 2
# environment
NVM_DIR = /home/nielsp/.nvm
# default
MAKE_COMMAND := make
# environment
QT_ACCESSIBILITY = 1
# automatic
@D = $(patsubst %/,%,$(dir $@))
# environment
VSCODE_HANDLES_UNCAUGHT_ERRORS = true
# default
.VARIABLES := 
# environment
PWD = /home/nielsp/Projects/turborepo-tutorial
# automatic
%D = $(patsubst %/,%,$(dir $%))
# environment
XDG_DATA_DIRS = /usr/share/pop:/usr/share/gnome:/home/nielsp/.local/share/flatpak/exports/share:/var/lib/flatpak/exports/share:/usr/local/share/:/usr/share/
# automatic
^D = $(patsubst %/,%,$(dir $^))
# automatic
%F = $(notdir $%)
# environment
NVM_INC = /home/nielsp/.nvm/versions/node/v16.16.0/include/node
# environment
VSCODE_CODE_CACHE_PATH = /home/nielsp/.config/Code/CachedData/3b889b090b5ad5793f524b5d1d39fda662b96a2a
# environment
LANG = C
# environment
XAUTHORITY = /run/user/1000/gdm/Xauthority
# default
.LOADED := 
# default
.INCLUDE_DIRS = /usr/local/include /usr/include /usr/include
# makefile
MAKEFLAGS = pqrR
# makefile
CURDIR := /home/nielsp/Projects/turborepo-tutorial
# environment
APPLICATION_INSIGHTS_NO_DIAGNOSTIC_CHANNEL = true
# environment
LESSOPEN = | /usr/bin/lesspipe %s
# automatic
*D = $(patsubst %/,%,$(dir $*))
# environment
MFLAGS = -pqrR
# environment
SSH_AUTH_SOCK = /run/user/1000/keyring/ssh
# default
.SHELLFLAGS := -c
# environment
NVM_BIN = /home/nielsp/.nvm/versions/node/v16.16.0/bin
# environment
XDG_CONFIG_DIRS = /etc/xdg/xdg-pop:/etc/xdg
# automatic
+D = $(patsubst %/,%,$(dir $+))
# environment
XDG_SESSION_DESKTOP = pop
# makefile (from 'makefile', line 1)
MAKEFILE_LIST := makefile
# automatic
@F = $(notdir $@)
# environment
VSCODE_PID = 7697
# environment
XDG_SESSION_TYPE = x11
# automatic
?D = $(patsubst %/,%,$(dir $?))
# environment
SESSION_MANAGER = local/niels-linux:@/tmp/.ICE-unix/2364,unix/niels-linux:/tmp/.ICE-unix/2364
# automatic
*F = $(notdir $*)
# environment
CHROME_DESKTOP = code-url-handler.desktop
# environment
DBUS_SESSION_BUS_ADDRESS = unix:path=/run/user/1000/bus
# automatic
<D = $(patsubst %/,%,$(dir $<))
# environment
VSCODE_NLS_CONFIG = {"locale":"en-gb","availableLanguages":{},"_languagePackSupport":true}
# default
MAKE_HOST := x86_64-pc-linux-gnu
# environment
GNOME_DESKTOP_SESSION_ID = this-is-deprecated
# makefile
SHELL = /bin/sh
# default
MAKECMDGOALS := all
# environment
XMODIFIERS = @im=ibus
# environment
GJS_DEBUG_TOPICS = JS ERROR;JS LOG
# environment
SHLVL = 0
# environment
MAKELEVEL := 0
# default
MAKE = $(MAKE_COMMAND)
# environment
PATH = /home/nielsp/.local/share/pnpm:/home/nielsp/.nvm/versions/node/v16.16.0/bin:/usr/local/sbin:/usr/local/bin:/usr/sbin:/usr/bin:/sbin:/bin:/usr/games:/usr/local/games:/snap/bin
# default
MAKEFILES := 
# automatic
^F = $(notdir $^)
# environment
INVOCATION_ID = 1e3eb7e8880a4fb7b1599d171021cb0f
# environment
USERNAME = nielsp
# environment
LESSCLOSE = /usr/bin/lesspipe %s %s
# automatic
?F = $(notdir $?)
# environment
GTK_IM_MODULE = ibus
# environment
XDG_CURRENT_DESKTOP = Unity
# environment
LS_COLORS = 
# automatic
+F = $(notdir $+)
# environment
DESKTOP_SESSION = pop
# environment
ORIGINAL_XDG_CURRENT_DESKTOP = pop:GNOME
# 'override' directive
GNUMAKEFLAGS := 
# environment
LOGNAME = nielsp
# environment
GIO_LAUNCHED_DESKTOP_FILE = /usr/share/applications/code.desktop
# makefile
.DEFAULT_GOAL := postgres
# environment
SYSTEMD_EXEC_PID = 2384
# environment
DISPLAY = :1
# environment
USER = nielsp
# environment
GTK_MODULES = gail:atk-bridge:appmenu-gtk-module
# default
MAKE_VERSION := 4.3
# environment
MANAGERPID = 2161
# environment
GIO_LAUNCHED_DESKTOP_FILE_PID = 7697
# environment
_ = /usr/share/code/code
# environment
XDG_RUNTIME_DIR = /run/user/1000
# environment
GPG_AGENT_INFO = /run/user/1000/gnupg/S.gpg-agent:0:1
# environment
NVM_CD_FLAGS = 
# environment
JOURNAL_STREAM = 8:32677
# environment
XDG_SESSION_CLASS = user
# environment
VSCODE_AMD_ENTRYPOINT = vs/workbench/api/node/extensionHostProcess
# environment
HOME = /home/nielsp
# environment
QT_IM_MODULE = ibus
# environment
ELECTRON_RUN_AS_NODE = 1
# environment
VSCODE_IPC_HOOK = /run/user/1000/vscode-7f17a95b-1.69.2-main.sock
# default
.RECIPEPREFIX := 
# automatic
<F = $(notdir $<)
# default
SUFFIXES := 
# default
.FEATURES := target-specific order-only second-expansion else-if shortest-stem undefine oneshell nocomment grouped-target extra-prereqs archives jobserver output-sync check-symlink load
# environment
XDG_MENU_PREFIX = gnome-
# environment
GDMSESSION = pop
# variable set hash-table stats:
# Load=98/1024=10%, Rehash=0, Collisions=2/128=2%

# Pattern-specific Variable Values

# No pattern-specific variable values.

# Directories

# . (device 2067, inode 50468189): 28 files, no impossibilities.

# 28 files, no impossibilities in 1 directories.

# Implicit Rules

# No implicit rules.

# Files

docker-cleanup:
#  Implicit rule search has not been done.
#  Modification time never checked.
#  File has not been updated.
#  recipe to execute (from 'makefile', line 26):
	-@docker image prune --all --force
	-@docker container prune --force
	-@docker system prune --force
	-@docker volume prune --force

# Not a target:
.DEFAULT:
#  Implicit rule search has not been done.
#  Modification time never checked.
#  File has not been updated.

# Not a target:
all:
#  Command line target.
#  Implicit rule search has been done.
#  File does not exist.
#  File has not been updated.

mongo:
#  Implicit rule search has not been done.
#  Modification time never checked.
#  File has not been updated.
#  recipe to execute (from 'makefile', line 20):
	-@docker stop local-mongo
	-@docker run --name local-mongo -p 27017:27017 -d mongo
	-@docker start local-mongo

# Not a target:
makefile:
#  Implicit rule search has been done.
#  Last modified 2022-07-08 18:49:56.354630791
#  File has been updated.
#  Successfully updated.

postgres:
#  Implicit rule search has not been done.
#  Modification time never checked.
#  File has not been updated.
#  recipe to execute (from 'makefile', line 3):
	-@docker rm local-postgres --force
	@docker run --name local-postgres -p 5432:5432 -e POSTGRES_PASSWORD=postgres -d postgres

redis:
#  Implicit rule search has not been done.
#  Modification time never checked.
#  File has not been updated.
#  recipe to execute (from 'makefile', line 8):
	-@docker stop local-redis
	-@docker run --name local-redis -p 6379:6379 -d redis
	-@docker start local-redis

krakend:
#  Implicit rule search has not been done.
#  Modification time never checked.
 
make: *** No rule to make target 'all'.  Stop.

#  File has not been updated.
#  recipe to execute (from 'makefile', line 14):
	-@docker stop local-krakenD
	-@docker run --name local-krakend -p 1080:8080 -v /opt/krakend/config/:/etc/krakend/ devopsfaith/krakend
	-@docker start local-krakend

# files hash-table stats:
# Load=9/1024=1%, Rehash=0, Collisions=1/19=5%
# VPATH Search Paths

# No 'vpath' search paths.

# No general ('VPATH' variable) search path.

# strcache buffers: 1 (0) / strings = 38 / storage = 429 B / avg = 11 B
# current buf: size = 8162 B / used = 429 B / count = 38 / avg = 11 B

# strcache performance: lookups = 47 / hit rate = 19%
# hash-table stats:
# Load=38/8192=0%, Rehash=0, Collisions=0/47=0%
# Finished Make data base on Thu Jul 21 22:42:42 2022

 
